<?xml version="1.0" encoding="UTF-8"?>
<!-- Generated by org.testng.reporters.JUnitReportReporter -->
<testsuite hostname="DESKTOP-623D8HK" failures="0" tests="1" name="example.NewTest" time="5.953" errors="0" timestamp="2022-08-21T22:59:09 WIB" skipped="0">
  <testcase classname="example.NewTest" name="testEasy" time="5.953"/>
  <system-out/>
</testsuite> <!-- example.NewTest -->
